0 info it worked if it ends with ok
1 verbose cli [ '/Users/enrique.munguia/.nvm/versions/node/v4.4.5/bin/node',
1 verbose cli   '/Users/enrique.munguia/.nvm/versions/node/v4.4.5/bin/npm',
1 verbose cli   'start' ]
2 info using npm@3.9.5
3 info using node@v4.4.5
4 verbose run-script [ 'prestart', 'start', 'poststart' ]
5 info lifecycle web-challente@1.0.0~prestart: web-challente@1.0.0
6 silly lifecycle web-challente@1.0.0~prestart: no script for prestart, continuing
7 info lifecycle web-challente@1.0.0~start: web-challente@1.0.0
8 verbose lifecycle web-challente@1.0.0~start: unsafe-perm in lifecycle true
9 verbose lifecycle web-challente@1.0.0~start: PATH: /Users/enrique.munguia/.nvm/versions/node/v4.4.5/lib/node_modules/npm/bin/node-gyp-bin:/Users/enrique.munguia/WebstormProjects/web-challenge/node_modules/.bin:/Users/enrique.munguia/.nvm/versions/node/v4.4.5/bin:/Users/enrique.munguia/.rvm/gems/ruby-1.8.7-p371/bin:/Users/enrique.munguia/.rvm/gems/ruby-1.8.7-p371@global/bin:/Users/enrique.munguia/.rvm/rubies/ruby-1.8.7-p371/bin:/Users/enrique.munguia/.nvm/versions/node/v4.4.5/bin:/usr/local/bin:/usr/bin:/bin:/usr/sbin:/sbin:/usr/local/sbin:/Users/enrique.munguia/.rvm/bin
10 verbose lifecycle web-challente@1.0.0~start: CWD: /Users/enrique.munguia/WebstormProjects/web-challenge
11 silly lifecycle web-challente@1.0.0~start: Args: [ '-c', 'node server.js' ]
12 silly lifecycle web-challente@1.0.0~start: Returned: code: 1  signal: null
13 info lifecycle web-challente@1.0.0~start: Failed to exec start script
14 verbose stack Error: web-challente@1.0.0 start: `node server.js`
14 verbose stack Exit status 1
14 verbose stack     at EventEmitter.<anonymous> (/Users/enrique.munguia/.nvm/versions/node/v4.4.5/lib/node_modules/npm/lib/utils/lifecycle.js:245:16)
14 verbose stack     at emitTwo (events.js:87:13)
14 verbose stack     at EventEmitter.emit (events.js:172:7)
14 verbose stack     at ChildProcess.<anonymous> (/Users/enrique.munguia/.nvm/versions/node/v4.4.5/lib/node_modules/npm/lib/utils/spawn.js:24:14)
14 verbose stack     at emitTwo (events.js:87:13)
14 verbose stack     at ChildProcess.emit (events.js:172:7)
14 verbose stack     at maybeClose (internal/child_process.js:827:16)
14 verbose stack     at Process.ChildProcess._handle.onexit (internal/child_process.js:211:5)
15 verbose pkgid web-challente@1.0.0
16 verbose cwd /Users/enrique.munguia/WebstormProjects/web-challenge
17 error Darwin 15.5.0
18 error argv "/Users/enrique.munguia/.nvm/versions/node/v4.4.5/bin/node" "/Users/enrique.munguia/.nvm/versions/node/v4.4.5/bin/npm" "start"
19 error node v4.4.5
20 error npm  v3.9.5
21 error code ELIFECYCLE
22 error web-challente@1.0.0 start: `node server.js`
22 error Exit status 1
23 error Failed at the web-challente@1.0.0 start script 'node server.js'.
23 error Make sure you have the latest version of node.js and npm installed.
23 error If you do, this is most likely a problem with the web-challente package,
23 error not with npm itself.
23 error Tell the author that this fails on your system:
23 error     node server.js
23 error You can get information on how to open an issue for this project with:
23 error     npm bugs web-challente
23 error Or if that isn't available, you can get their info via:
23 error     npm owner ls web-challente
23 error There is likely additional logging output above.
24 verbose exit [ 1, true ]
